<?xml version="1.0" encoding="UTF-8"?>
<testng-results skipped="0" failed="0" ignored="0" total="1" passed="1">
  <reporter-output>
  </reporter-output>
  <suite name="Default suite" duration-ms="69863" started-at="2018-11-16T02:56:58Z" finished-at="2018-11-16T02:58:08Z">
    <groups>
    </groups>
    <test name="Default test" duration-ms="69863" started-at="2018-11-16T02:56:58Z" finished-at="2018-11-16T02:58:08Z">
      <class name="softwearTestMaterialMaven.openWebsite">
        <test-method status="PASS" signature="beforeClass()[pri:0, instance:softwearTestMaterialMaven.openWebsite@47c62251]" name="beforeClass" is-config="true" duration-ms="6159" started-at="2018-11-16T02:56:58Z" finished-at="2018-11-16T02:57:04Z">
          <reporter-output>
          </reporter-output>
        </test-method> <!-- beforeClass -->
        <test-method status="PASS" signature="openMyBlog()[pri:0, instance:softwearTestMaterialMaven.openWebsite@47c62251]" name="openMyBlog" duration-ms="59801" started-at="2018-11-16T02:57:04Z" finished-at="2018-11-16T02:58:04Z">
          <reporter-output>
          </reporter-output>
        </test-method> <!-- openMyBlog -->
        <test-method status="PASS" signature="afterClass()[pri:0, instance:softwearTestMaterialMaven.openWebsite@47c62251]" name="afterClass" is-config="true" duration-ms="3878" started-at="2018-11-16T02:58:04Z" finished-at="2018-11-16T02:58:08Z">
          <reporter-output>
          </reporter-output>
        </test-method> <!-- afterClass -->
      </class> <!-- softwearTestMaterialMaven.openWebsite -->
    </test> <!-- Default test -->
  </suite> <!-- Default suite -->
</testng-results>
